Flow report for Voltmeter
Mon Nov 29 11:07:34 2021
Quartus Prime Version 18.1.0 Build 625 09/12/2018 SJ Lite Edition


---------------------
; Table of Contents ;
---------------------
  1. Legal Notice
  2. Flow Summary
  3. Flow Settings
  4. Flow Non-Default Global Settings
  5. Flow Elapsed Time
  6. Flow OS Summary
  7. Flow Log
  8. Flow Messages
  9. Flow Suppressed Messages



----------------
; Legal Notice ;
----------------
Copyright (C) 2018  Intel Corporation. All rights reserved.
Your use of Intel Corporation's design tools, logic functions 
and other software and tools, and its AMPP partner logic 
functions, and any output files from any of the foregoing 
(including device programming or simulation files), and any 
associated documentation or information are expressly subject 
to the terms and conditions of the Intel Program License 
Subscription Agreement, the Intel Quartus Prime License Agreement,
the Intel FPGA IP License Agreement, or other applicable license
agreement, including, without limitation, that your use is for
the sole purpose of programming logic devices manufactured by
Intel and sold by Intel or its authorized distributors.  Please
refer to the applicable agreement for further details.



+----------------------------------------------------------------------------------+
; Flow Summary                                                                     ;
+------------------------------------+---------------------------------------------+
; Flow Status                        ; Successful - Mon Nov 29 11:07:24 2021       ;
; Quartus Prime Version              ; 18.1.0 Build 625 09/12/2018 SJ Lite Edition ;
; Revision Name                      ; Voltmeter                                   ;
; Top-level Entity Name              ; Voltmeter                                   ;
; Family                             ; MAX 10                                      ;
; Device                             ; 10M50DAF484C7G                              ;
; Timing Models                      ; Final                                       ;
; Total logic elements               ; 2,505 / 49,760 ( 5 % )                      ;
;     Total combinational functions  ; 2,339 / 49,760 ( 5 % )                      ;
;     Dedicated logic registers      ; 446 / 49,760 ( < 1 % )                      ;
; Total registers                    ; 446                                         ;
; Total pins                         ; 62 / 360 ( 17 % )                           ;
; Total virtual pins                 ; 0                                           ;
; Total memory bits                  ; 0 / 1,677,312 ( 0 % )                       ;
; Embedded Multiplier 9-bit elements ; 0 / 288 ( 0 % )                             ;
; Total PLLs                         ; 1 / 4 ( 25 % )                              ;
; UFM blocks                         ; 0 / 1 ( 0 % )                               ;
; ADC blocks                         ; 1 / 2 ( 50 % )                              ;
+------------------------------------+---------------------------------------------+


+-----------------------------------------+
; Flow Settings                           ;
+-------------------+---------------------+
; Option            ; Setting             ;
+-------------------+---------------------+
; Start date & time ; 11/29/2021 11:06:01 ;
; Main task         ; Compilation         ;
; Revision Name     ; Voltmeter           ;
+-------------------+---------------------+


+---------------------------------------------------------------------------------------------------------------------------------------------+
; Flow Non-Default Global Settings                                                                                                            ;
+-------------------------------------+------------------------------------------------------------+---------------+-------------+------------+
; Assignment Name                     ; Value                                                      ; Default Value ; Entity Name ; Section Id ;
+-------------------------------------+------------------------------------------------------------+---------------+-------------+------------+
; COMPILER_SIGNATURE_ID               ; 196163610224323.163820916041708                            ; --            ; --          ; --         ;
; MAX_CORE_JUNCTION_TEMP              ; 85                                                         ; --            ; --          ; --         ;
; MIN_CORE_JUNCTION_TEMP              ; 0                                                          ; --            ; --          ; --         ;
; MISC_FILE                           ; adc_qsys/synthesis/../adc_qsys.cmp                         ; --            ; --          ; --         ;
; MISC_FILE                           ; adc_qsys/synthesis/../../adc_qsys.qsys                     ; --            ; --          ; --         ;
; PARTITION_COLOR                     ; -- (Not supported for targeted family)                     ; --            ; --          ; Top        ;
; PARTITION_FITTER_PRESERVATION_LEVEL ; -- (Not supported for targeted family)                     ; --            ; --          ; Top        ;
; PARTITION_NETLIST_TYPE              ; -- (Not supported for targeted family)                     ; --            ; --          ; Top        ;
; POWER_BOARD_THERMAL_MODEL           ; None (CONSERVATIVE)                                        ; --            ; --          ; --         ;
; POWER_PRESET_COOLING_SOLUTION       ; 23 MM HEAT SINK WITH 200 LFPM AIRFLOW                      ; --            ; --          ; --         ;
; PROJECT_OUTPUT_DIRECTORY            ; output_files                                               ; --            ; --          ; --         ;
; SLD_FILE                            ; adc_qsys/synthesis/adc_qsys.debuginfo                      ; --            ; --          ; --         ;
; SLD_INFO                            ; QSYS_NAME adc_qsys HAS_SOPCINFO 1 GENERATION_ID 1569444627 ; --            ; adc_qsys    ; --         ;
; SOPCINFO_FILE                       ; adc_qsys/synthesis/../../adc_qsys.sopcinfo                 ; --            ; --          ; --         ;
; SYNTHESIS_ONLY_QIP                  ; On                                                         ; --            ; --          ; --         ;
+-------------------------------------+------------------------------------------------------------+---------------+-------------+------------+


+--------------------------------------------------------------------------------------------------------------------------+
; Flow Elapsed Time                                                                                                        ;
+----------------------+--------------+-------------------------+---------------------+------------------------------------+
; Module Name          ; Elapsed Time ; Average Processors Used ; Peak Virtual Memory ; Total CPU Time (on all processors) ;
+----------------------+--------------+-------------------------+---------------------+------------------------------------+
; Analysis & Synthesis ; 00:00:48     ; 1.0                     ; 4829 MB             ; 00:01:08                           ;
; Fitter               ; 00:00:26     ; 1.2                     ; 5688 MB             ; 00:00:37                           ;
; Assembler            ; 00:00:06     ; 1.0                     ; 4687 MB             ; 00:00:06                           ;
; Timing Analyzer      ; 00:00:09     ; 1.5                     ; 4863 MB             ; 00:00:11                           ;
; Total                ; 00:01:29     ; --                      ; --                  ; 00:02:02                           ;
+----------------------+--------------+-------------------------+---------------------+------------------------------------+


+------------------------------------------------------------------------------------+
; Flow OS Summary                                                                    ;
+----------------------+------------------+------------+------------+----------------+
; Module Name          ; Machine Hostname ; OS Name    ; OS Version ; Processor type ;
+----------------------+------------------+------------+------------+----------------+
; Analysis & Synthesis ; Zaid-Laptop      ; Windows 10 ; 10.0       ; x86_64         ;
; Fitter               ; Zaid-Laptop      ; Windows 10 ; 10.0       ; x86_64         ;
; Assembler            ; Zaid-Laptop      ; Windows 10 ; 10.0       ; x86_64         ;
; Timing Analyzer      ; Zaid-Laptop      ; Windows 10 ; 10.0       ; x86_64         ;
+----------------------+------------------+------------+------------+----------------+


------------
; Flow Log ;
------------
quartus_map --read_settings_files=on --write_settings_files=off LAB4_ABRINI_DAWOOD_MUJTABA -c Voltmeter
quartus_fit --read_settings_files=off --write_settings_files=off LAB4_ABRINI_DAWOOD_MUJTABA -c Voltmeter
quartus_asm --read_settings_files=off --write_settings_files=off LAB4_ABRINI_DAWOOD_MUJTABA -c Voltmeter
quartus_sta LAB4_ABRINI_DAWOOD_MUJTABA -c Voltmeter



